# JRE version: OpenJDK Runtime Environment (8.0_292-b10) (build 1.8.0_292-b10)
# Java VM: OpenJDK 64-Bit Server VM (25.292-b10 mixed mode linux-amd64 compressed oops)
Heap:
 PSYoungGen      total 30720K, used 6402K [0x00000000dc700000, 0x00000000f3d80000, 0x0000000100000000)
  eden space 30208K, 20% used [0x00000000dc700000,0x00000000dcd30948,0x00000000de480000)
  from space 512K, 12% used [0x00000000f3d00000,0x00000000f3d10000,0x00000000f3d80000)
  to   space 512K, 0% used [0x00000000f3c80000,0x00000000f3c80000,0x00000000f3d00000)
 ParOldGen       total 102400K, used 50963K [0x0000000095400000, 0x000000009b800000, 0x00000000dc700000)
  object space 102400K, 49% used [0x0000000095400000,0x00000000985c4e80,0x000000009b800000)
 Metaspace       used 49480K, capacity 50793K, committed 51160K, reserved 1093632K
  class space    used 7550K, capacity 7783K, committed 7896K, reserved 1048576K
GC Heap History (10 events):
Event: 7243.411 GC heap before
{Heap before GC invocations=288 (full 2):
 PSYoungGen      total 32256K, used 31808K [0x00000000dc700000, 0x00000000f3d80000, 0x0000000100000000)
  eden space 31744K, 100% used [0x00000000dc700000,0x00000000de600000,0x00000000de600000)
  from space 512K, 12% used [0x00000000f3c80000,0x00000000f3c90000,0x00000000f3d00000)
  to   space 512K, 0% used [0x00000000f3d00000,0x00000000f3d00000,0x00000000f3d80000)
 ParOldGen       total 102400K, used 50963K [0x0000000095400000, 0x000000009b800000, 0x00000000dc700000)
  object space 102400K, 49% used [0x0000000095400000,0x00000000985c4e80,0x000000009b800000)
 Metaspace       used 49479K, capacity 50793K, committed 51160K, reserved 1093632K
  class space    used 7550K, capacity 7783K, committed 7896K, reserved 1048576K
Event: 7243.417 GC heap after
Heap after GC invocations=288 (full 2):
 PSYoungGen      total 31744K, used 96K [0x00000000dc700000, 0x00000000f3d80000, 0x0000000100000000)
  eden space 31232K, 0% used [0x00000000dc700000,0x00000000dc700000,0x00000000de580000)
  from space 512K, 18% used [0x00000000f3d00000,0x00000000f3d18000,0x00000000f3d80000)
  to   space 512K, 0% used [0x00000000f3c80000,0x00000000f3c80000,0x00000000f3d00000)
 ParOldGen       total 102400K, used 50963K [0x0000000095400000, 0x000000009b800000, 0x00000000dc700000)
  object space 102400K, 49% used [0x0000000095400000,0x00000000985c4e80,0x000000009b800000)
 Metaspace       used 49479K, capacity 50793K, committed 51160K, reserved 1093632K
  class space    used 7550K, capacity 7783K, committed 7896K, reserved 1048576K
}
Event: 7243.893 GC heap before
{Heap before GC invocations=289 (full 2):
 PSYoungGen      total 31744K, used 31328K [0x00000000dc700000, 0x00000000f3d80000, 0x0000000100000000)
  eden space 31232K, 100% used [0x00000000dc700000,0x00000000de580000,0x00000000de580000)
  from space 512K, 18% used [0x00000000f3d00000,0x00000000f3d18000,0x00000000f3d80000)
  to   space 512K, 0% used [0x00000000f3c80000,0x00000000f3c80000,0x00000000f3d00000)
 ParOldGen       total 102400K, used 50963K [0x0000000095400000, 0x000000009b800000, 0x00000000dc700000)
  object space 102400K, 49% used [0x0000000095400000,0x00000000985c4e80,0x000000009b800000)
 Metaspace       used 49479K, capacity 50793K, committed 51160K, reserved 1093632K
  class space    used 7550K, capacity 7783K, committed 7896K, reserved 1048576K
Event: 7243.899 GC heap after
Heap after GC invocations=289 (full 2):
 PSYoungGen      total 31232K, used 64K [0x00000000dc700000, 0x00000000f3d80000, 0x0000000100000000)
  eden space 30720K, 0% used [0x00000000dc700000,0x00000000dc700000,0x00000000de500000)
  from space 512K, 12% used [0x00000000f3c80000,0x00000000f3c90000,0x00000000f3d00000)
  to   space 512K, 0% used [0x00000000f3d00000,0x00000000f3d00000,0x00000000f3d80000)
 ParOldGen       total 102400K, used 50963K [0x0000000095400000, 0x000000009b800000, 0x00000000dc700000)
  object space 102400K, 49% used [0x0000000095400000,0x00000000985c4e80,0x000000009b800000)
 Metaspace       used 49479K, capacity 50793K, committed 51160K, reserved 1093632K
  class space    used 7550K, capacity 7783K, committed 7896K, reserved 1048576K
}
Event: 7244.771 GC heap before
{Heap before GC invocations=290 (full 2):
 PSYoungGen      total 31232K, used 30784K [0x00000000dc700000, 0x00000000f3d80000, 0x0000000100000000)
  eden space 30720K, 100% used [0x00000000dc700000,0x00000000de500000,0x00000000de500000)
  from space 512K, 12% used [0x00000000f3c80000,0x00000000f3c90000,0x00000000f3d00000)
  to   space 512K, 0% used [0x00000000f3d00000,0x00000000f3d00000,0x00000000f3d80000)
 ParOldGen       total 102400K, used 50963K [0x0000000095400000, 0x000000009b800000, 0x00000000dc700000)
  object space 102400K, 49% used [0x0000000095400000,0x00000000985c4e80,0x000000009b800000)
 Metaspace       used 49479K, capacity 50793K, committed 51160K, reserved 1093632K
  class space    used 7550K, capacity 7783K, committed 7896K, reserved 1048576K
Event: 7244.776 GC heap after
Heap after GC invocations=290 (full 2):
 PSYoungGen      total 30720K, used 96K [0x00000000dc700000, 0x00000000f3d80000, 0x0000000100000000)
  eden space 30208K, 0% used [0x00000000dc700000,0x00000000dc700000,0x00000000de480000)
  from space 512K, 18% used [0x00000000f3d00000,0x00000000f3d18000,0x00000000f3d80000)
  to   space 512K, 0% used [0x00000000f3c80000,0x00000000f3c80000,0x00000000f3d00000)
 ParOldGen       total 102400K, used 50963K [0x0000000095400000, 0x000000009b800000, 0x00000000dc700000)
  object space 102400K, 49% used [0x0000000095400000,0x00000000985c4e80,0x000000009b800000)
 Metaspace       used 49479K, capacity 50793K, committed 51160K, reserved 1093632K
  class space    used 7550K, capacity 7783K, committed 7896K, reserved 1048576K
}
Event: 7245.623 GC heap before
{Heap before GC invocations=291 (full 2):
 PSYoungGen      total 30720K, used 30304K [0x00000000dc700000, 0x00000000f3d80000, 0x0000000100000000)
  eden space 30208K, 100% used [0x00000000dc700000,0x00000000de480000,0x00000000de480000)
  from space 512K, 18% used [0x00000000f3d00000,0x00000000f3d18000,0x00000000f3d80000)
  to   space 512K, 0% used [0x00000000f3c80000,0x00000000f3c80000,0x00000000f3d00000)
 ParOldGen       total 102400K, used 50963K [0x0000000095400000, 0x000000009b800000, 0x00000000dc700000)
  object space 102400K, 49% used [0x0000000095400000,0x00000000985c4e80,0x000000009b800000)
 Metaspace       used 49479K, capacity 50793K, committed 51160K, reserved 1093632K
  class space    used 7550K, capacity 7783K, committed 7896K, reserved 1048576K
Event: 7245.628 GC heap after
Heap after GC invocations=291 (full 2):
 PSYoungGen      total 30720K, used 64K [0x00000000dc700000, 0x00000000f3d80000, 0x0000000100000000)
  eden space 30208K, 0% used [0x00000000dc700000,0x00000000dc700000,0x00000000de480000)
  from space 512K, 12% used [0x00000000f3c80000,0x00000000f3c90000,0x00000000f3d00000)
  to   space 512K, 0% used [0x00000000f3d00000,0x00000000f3d00000,0x00000000f3d80000)
 ParOldGen       total 102400K, used 50963K [0x0000000095400000, 0x000000009b800000, 0x00000000dc700000)
  object space 102400K, 49% used [0x0000000095400000,0x00000000985c4e80,0x000000009b800000)
 Metaspace       used 49479K, capacity 50793K, committed 51160K, reserved 1093632K
  class space    used 7550K, capacity 7783K, committed 7896K, reserved 1048576K
}
Event: 7246.465 GC heap before
{Heap before GC invocations=292 (full 2):
 PSYoungGen      total 30720K, used 30272K [0x00000000dc700000, 0x00000000f3d80000, 0x0000000100000000)
  eden space 30208K, 100% used [0x00000000dc700000,0x00000000de480000,0x00000000de480000)
  from space 512K, 12% used [0x00000000f3c80000,0x00000000f3c90000,0x00000000f3d00000)
  to   space 512K, 0% used [0x00000000f3d00000,0x00000000f3d00000,0x00000000f3d80000)
 ParOldGen       total 102400K, used 50963K [0x0000000095400000, 0x000000009b800000, 0x00000000dc700000)
  object space 102400K, 49% used [0x0000000095400000,0x00000000985c4e80,0x000000009b800000)
 Metaspace       used 49479K, capacity 50793K, committed 51160K, reserved 1093632K
  class space    used 7550K, capacity 7783K, committed 7896K, reserved 1048576K
Event: 7246.470 GC heap after
Heap after GC invocations=292 (full 2):
 PSYoungGen      total 30720K, used 64K [0x00000000dc700000, 0x00000000f3d80000, 0x0000000100000000)
  eden space 30208K, 0% used [0x00000000dc700000,0x00000000dc700000,0x00000000de480000)
  from space 512K, 12% used [0x00000000f3d00000,0x00000000f3d10000,0x00000000f3d80000)
  to   space 512K, 0% used [0x00000000f3c80000,0x00000000f3c80000,0x00000000f3d00000)
 ParOldGen       total 102400K, used 50963K [0x0000000095400000, 0x000000009b800000, 0x00000000dc700000)
  object space 102400K, 49% used [0x0000000095400000,0x00000000985c4e80,0x000000009b800000)
 Metaspace       used 49479K, capacity 50793K, committed 51160K, reserved 1093632K
  class space    used 7550K, capacity 7783K, committed 7896K, reserved 1048576K
}

