# JRE version: OpenJDK Runtime Environment (8.0_292-b10) (build 1.8.0_292-b10)
# Java VM: OpenJDK 64-Bit Server VM (25.292-b10 mixed mode linux-amd64 compressed oops)
Heap:
 PSYoungGen      total 229376K, used 21202K [0x00000000dc700000, 0x00000000ef580000, 0x0000000100000000)
  eden space 228864K, 9% used [0x00000000dc700000,0x00000000ddb349a0,0x00000000ea680000)
  from space 512K, 100% used [0x00000000ef500000,0x00000000ef580000,0x00000000ef580000)
  to   space 3584K, 0% used [0x00000000eee80000,0x00000000eee80000,0x00000000ef200000)
 ParOldGen       total 110592K, used 68196K [0x0000000095400000, 0x000000009c000000, 0x00000000dc700000)
  object space 110592K, 61% used [0x0000000095400000,0x00000000996991e8,0x000000009c000000)
 Metaspace       used 48382K, capacity 49703K, committed 50008K, reserved 1091584K
  class space    used 7483K, capacity 7717K, committed 7768K, reserved 1048576K
GC Heap History (10 events):
Event: 897.059 GC heap before
{Heap before GC invocations=144 (full 2):
 PSYoungGen      total 154112K, used 150048K [0x00000000dc700000, 0x00000000f0000000, 0x0000000100000000)
  eden space 149504K, 100% used [0x00000000dc700000,0x00000000e5900000,0x00000000e5900000)
  from space 4608K, 11% used [0x00000000ef700000,0x00000000ef788000,0x00000000efb80000)
  to   space 4608K, 0% used [0x00000000efb80000,0x00000000efb80000,0x00000000f0000000)
 ParOldGen       total 110592K, used 68132K [0x0000000095400000, 0x000000009c000000, 0x00000000dc700000)
  object space 110592K, 61% used [0x0000000095400000,0x00000000996891e8,0x000000009c000000)
 Metaspace       used 48379K, capacity 49703K, committed 50008K, reserved 1091584K
  class space    used 7483K, capacity 7717K, committed 7768K, reserved 1048576K
Event: 897.065 GC heap after
Heap after GC invocations=144 (full 2):
 PSYoungGen      total 160256K, used 544K [0x00000000dc700000, 0x00000000efc80000, 0x0000000100000000)
  eden space 159232K, 0% used [0x00000000dc700000,0x00000000dc700000,0x00000000e6280000)
  from space 1024K, 53% used [0x00000000efb80000,0x00000000efc08000,0x00000000efc80000)
  to   space 4096K, 0% used [0x00000000ef480000,0x00000000ef480000,0x00000000ef880000)
 ParOldGen       total 110592K, used 68132K [0x0000000095400000, 0x000000009c000000, 0x00000000dc700000)
  object space 110592K, 61% used [0x0000000095400000,0x00000000996891e8,0x000000009c000000)
 Metaspace       used 48379K, capacity 49703K, committed 50008K, reserved 1091584K
  class space    used 7483K, capacity 7717K, committed 7768K, reserved 1048576K
}
Event: 897.370 GC heap before
{Heap before GC invocations=145 (full 2):
 PSYoungGen      total 160256K, used 159776K [0x00000000dc700000, 0x00000000efc80000, 0x0000000100000000)
  eden space 159232K, 100% used [0x00000000dc700000,0x00000000e6280000,0x00000000e6280000)
  from space 1024K, 53% used [0x00000000efb80000,0x00000000efc08000,0x00000000efc80000)
  to   space 4096K, 0% used [0x00000000ef480000,0x00000000ef480000,0x00000000ef880000)
 ParOldGen       total 110592K, used 68132K [0x0000000095400000, 0x000000009c000000, 0x00000000dc700000)
  object space 110592K, 61% used [0x0000000095400000,0x00000000996891e8,0x000000009c000000)
 Metaspace       used 48379K, capacity 49703K, committed 50008K, reserved 1091584K
  class space    used 7483K, capacity 7717K, committed 7768K, reserved 1048576K
Event: 897.388 GC heap after
Heap after GC invocations=145 (full 2):
 PSYoungGen      total 174592K, used 608K [0x00000000dc700000, 0x00000000efc00000, 0x0000000100000000)
  eden space 173568K, 0% used [0x00000000dc700000,0x00000000dc700000,0x00000000e7080000)
  from space 1024K, 59% used [0x00000000ef480000,0x00000000ef518000,0x00000000ef580000)
  to   space 4096K, 0% used [0x00000000ef800000,0x00000000ef800000,0x00000000efc00000)
 ParOldGen       total 110592K, used 68132K [0x0000000095400000, 0x000000009c000000, 0x00000000dc700000)
  object space 110592K, 61% used [0x0000000095400000,0x00000000996891e8,0x000000009c000000)
 Metaspace       used 48379K, capacity 49703K, committed 50008K, reserved 1091584K
  class space    used 7483K, capacity 7717K, committed 7768K, reserved 1048576K
}
Event: 897.757 GC heap before
{Heap before GC invocations=146 (full 2):
 PSYoungGen      total 174592K, used 174176K [0x00000000dc700000, 0x00000000efc00000, 0x0000000100000000)
  eden space 173568K, 100% used [0x00000000dc700000,0x00000000e7080000,0x00000000e7080000)
  from space 1024K, 59% used [0x00000000ef480000,0x00000000ef518000,0x00000000ef580000)
  to   space 4096K, 0% used [0x00000000ef800000,0x00000000ef800000,0x00000000efc00000)
 ParOldGen       total 110592K, used 68132K [0x0000000095400000, 0x000000009c000000, 0x00000000dc700000)
  object space 110592K, 61% used [0x0000000095400000,0x00000000996891e8,0x000000009c000000)
 Metaspace       used 48380K, capacity 49703K, committed 50008K, reserved 1091584K
  class space    used 7483K, capacity 7717K, committed 7768K, reserved 1048576K
Event: 897.772 GC heap after
Heap after GC invocations=146 (full 2):
 PSYoungGen      total 190976K, used 512K [0x00000000dc700000, 0x00000000ef880000, 0x0000000100000000)
  eden space 190464K, 0% used [0x00000000dc700000,0x00000000dc700000,0x00000000e8100000)
  from space 512K, 100% used [0x00000000ef800000,0x00000000ef880000,0x00000000ef880000)
  to   space 4096K, 0% used [0x00000000ef080000,0x00000000ef080000,0x00000000ef480000)
 ParOldGen       total 110592K, used 68180K [0x0000000095400000, 0x000000009c000000, 0x00000000dc700000)
  object space 110592K, 61% used [0x0000000095400000,0x00000000996951e8,0x000000009c000000)
 Metaspace       used 48380K, capacity 49703K, committed 50008K, reserved 1091584K
  class space    used 7483K, capacity 7717K, committed 7768K, reserved 1048576K
}
Event: 898.172 GC heap before
{Heap before GC invocations=147 (full 2):
 PSYoungGen      total 190976K, used 190976K [0x00000000dc700000, 0x00000000ef880000, 0x0000000100000000)
  eden space 190464K, 100% used [0x00000000dc700000,0x00000000e8100000,0x00000000e8100000)
  from space 512K, 100% used [0x00000000ef800000,0x00000000ef880000,0x00000000ef880000)
  to   space 4096K, 0% used [0x00000000ef080000,0x00000000ef080000,0x00000000ef480000)
 ParOldGen       total 110592K, used 68180K [0x0000000095400000, 0x000000009c000000, 0x00000000dc700000)
  object space 110592K, 61% used [0x0000000095400000,0x00000000996951e8,0x000000009c000000)
 Metaspace       used 48380K, capacity 49703K, committed 50008K, reserved 1091584K
  class space    used 7483K, capacity 7717K, committed 7768K, reserved 1048576K
Event: 898.187 GC heap after
Heap after GC invocations=147 (full 2):
 PSYoungGen      total 213504K, used 512K [0x00000000dc700000, 0x00000000ef880000, 0x0000000100000000)
  eden space 209408K, 0% used [0x00000000dc700000,0x00000000dc700000,0x00000000e9380000)
  from space 4096K, 12% used [0x00000000ef080000,0x00000000ef100000,0x00000000ef480000)
  to   space 3584K, 0% used [0x00000000ef500000,0x00000000ef500000,0x00000000ef880000)
 ParOldGen       total 110592K, used 68180K [0x0000000095400000, 0x000000009c000000, 0x00000000dc700000)
  object space 110592K, 61% used [0x0000000095400000,0x00000000996951e8,0x000000009c000000)
 Metaspace       used 48380K, capacity 49703K, committed 50008K, reserved 1091584K
  class space    used 7483K, capacity 7717K, committed 7768K, reserved 1048576K
}
Event: 898.598 GC heap before
{Heap before GC invocations=148 (full 2):
 PSYoungGen      total 213504K, used 209920K [0x00000000dc700000, 0x00000000ef880000, 0x0000000100000000)
  eden space 209408K, 100% used [0x00000000dc700000,0x00000000e9380000,0x00000000e9380000)
  from space 4096K, 12% used [0x00000000ef080000,0x00000000ef100000,0x00000000ef480000)
  to   space 3584K, 0% used [0x00000000ef500000,0x00000000ef500000,0x00000000ef880000)
 ParOldGen       total 110592K, used 68180K [0x0000000095400000, 0x000000009c000000, 0x00000000dc700000)
  object space 110592K, 61% used [0x0000000095400000,0x00000000996951e8,0x000000009c000000)
 Metaspace       used 48380K, capacity 49703K, committed 50008K, reserved 1091584K
  class space    used 7483K, capacity 7717K, committed 7768K, reserved 1048576K
Event: 898.605 GC heap after
Heap after GC invocations=148 (full 2):
 PSYoungGen      total 229376K, used 512K [0x00000000dc700000, 0x00000000ef580000, 0x0000000100000000)
  eden space 228864K, 0% used [0x00000000dc700000,0x00000000dc700000,0x00000000ea680000)
  from space 512K, 100% used [0x00000000ef500000,0x00000000ef580000,0x00000000ef580000)
  to   space 3584K, 0% used [0x00000000eee80000,0x00000000eee80000,0x00000000ef200000)
 ParOldGen       total 110592K, used 68196K [0x0000000095400000, 0x000000009c000000, 0x00000000dc700000)
  object space 110592K, 61% used [0x0000000095400000,0x00000000996991e8,0x000000009c000000)
 Metaspace       used 48380K, capacity 49703K, committed 50008K, reserved 1091584K
  class space    used 7483K, capacity 7717K, committed 7768K, reserved 1048576K
}

