# JRE version: OpenJDK Runtime Environment (8.0_292-b10) (build 1.8.0_292-b10)
# Java VM: OpenJDK 64-Bit Server VM (25.292-b10 mixed mode linux-amd64 compressed oops)
Heap:
 PSYoungGen      total 546816K, used 78883K [0x00000000dc700000, 0x00000000ff580000, 0x0000000100000000)
  eden space 546304K, 14% used [0x00000000dc700000,0x00000000e13f8cf0,0x00000000fdc80000)
  from space 512K, 12% used [0x00000000ff500000,0x00000000ff510000,0x00000000ff580000)
  to   space 2048K, 0% used [0x00000000ff180000,0x00000000ff180000,0x00000000ff380000)
 ParOldGen       total 107520K, used 87913K [0x0000000095400000, 0x000000009bd00000, 0x00000000dc700000)
  object space 107520K, 81% used [0x0000000095400000,0x000000009a9da620,0x000000009bd00000)
 Metaspace       used 49981K, capacity 51353K, committed 51672K, reserved 1093632K
  class space    used 7571K, capacity 7816K, committed 7896K, reserved 1048576K
GC Heap History (10 events):
Event: 3471.824 GC heap before
{Heap before GC invocations=276 (full 2):
 PSYoungGen      total 435200K, used 432704K [0x00000000dc700000, 0x00000000ffa00000, 0x0000000100000000)
  eden space 432640K, 100% used [0x00000000dc700000,0x00000000f6d80000,0x00000000f6d80000)
  from space 2560K, 2% used [0x00000000ff500000,0x00000000ff510000,0x00000000ff780000)
  to   space 2048K, 0% used [0x00000000ff800000,0x00000000ff800000,0x00000000ffa00000)
 ParOldGen       total 107520K, used 87897K [0x0000000095400000, 0x000000009bd00000, 0x00000000dc700000)
  object space 107520K, 81% used [0x0000000095400000,0x000000009a9d6620,0x000000009bd00000)
 Metaspace       used 49980K, capacity 51353K, committed 51672K, reserved 1093632K
  class space    used 7571K, capacity 7816K, committed 7896K, reserved 1048576K
Event: 3471.832 GC heap after
Heap after GC invocations=276 (full 2):
 PSYoungGen      total 454144K, used 64K [0x00000000dc700000, 0x00000000ff880000, 0x0000000100000000)
  eden space 453632K, 0% used [0x00000000dc700000,0x00000000dc700000,0x00000000f8200000)
  from space 512K, 12% used [0x00000000ff800000,0x00000000ff810000,0x00000000ff880000)
  to   space 2048K, 0% used [0x00000000ff480000,0x00000000ff480000,0x00000000ff680000)
 ParOldGen       total 107520K, used 87913K [0x0000000095400000, 0x000000009bd00000, 0x00000000dc700000)
  object space 107520K, 81% used [0x0000000095400000,0x000000009a9da620,0x000000009bd00000)
 Metaspace       used 49980K, capacity 51353K, committed 51672K, reserved 1093632K
  class space    used 7571K, capacity 7816K, committed 7896K, reserved 1048576K
}
Event: 3472.270 GC heap before
{Heap before GC invocations=277 (full 2):
 PSYoungGen      total 454144K, used 453696K [0x00000000dc700000, 0x00000000ff880000, 0x0000000100000000)
  eden space 453632K, 100% used [0x00000000dc700000,0x00000000f8200000,0x00000000f8200000)
  from space 512K, 12% used [0x00000000ff800000,0x00000000ff810000,0x00000000ff880000)
  to   space 2048K, 0% used [0x00000000ff480000,0x00000000ff480000,0x00000000ff680000)
 ParOldGen       total 107520K, used 87913K [0x0000000095400000, 0x000000009bd00000, 0x00000000dc700000)
  object space 107520K, 81% used [0x0000000095400000,0x000000009a9da620,0x000000009bd00000)
 Metaspace       used 49980K, capacity 51353K, committed 51672K, reserved 1093632K
  class space    used 7571K, capacity 7816K, committed 7896K, reserved 1048576K
Event: 3472.275 GC heap after
Heap after GC invocations=277 (full 2):
 PSYoungGen      total 477184K, used 96K [0x00000000dc700000, 0x00000000ff880000, 0x0000000100000000)
  eden space 475136K, 0% used [0x00000000dc700000,0x00000000dc700000,0x00000000f9700000)
  from space 2048K, 4% used [0x00000000ff480000,0x00000000ff498000,0x00000000ff680000)
  to   space 2048K, 0% used [0x00000000ff680000,0x00000000ff680000,0x00000000ff880000)
 ParOldGen       total 107520K, used 87913K [0x0000000095400000, 0x000000009bd00000, 0x00000000dc700000)
  object space 107520K, 81% used [0x0000000095400000,0x000000009a9da620,0x000000009bd00000)
 Metaspace       used 49980K, capacity 51353K, committed 51672K, reserved 1093632K
  class space    used 7571K, capacity 7816K, committed 7896K, reserved 1048576K
}
Event: 3472.790 GC heap before
{Heap before GC invocations=278 (full 2):
 PSYoungGen      total 477184K, used 475232K [0x00000000dc700000, 0x00000000ff880000, 0x0000000100000000)
  eden space 475136K, 100% used [0x00000000dc700000,0x00000000f9700000,0x00000000f9700000)
  from space 2048K, 4% used [0x00000000ff480000,0x00000000ff498000,0x00000000ff680000)
  to   space 2048K, 0% used [0x00000000ff680000,0x00000000ff680000,0x00000000ff880000)
 ParOldGen       total 107520K, used 87913K [0x0000000095400000, 0x000000009bd00000, 0x00000000dc700000)
  object space 107520K, 81% used [0x0000000095400000,0x000000009a9da620,0x000000009bd00000)
 Metaspace       used 49980K, capacity 51353K, committed 51672K, reserved 1093632K
  class space    used 7571K, capacity 7816K, committed 7896K, reserved 1048576K
Event: 3472.798 GC heap after
Heap after GC invocations=278 (full 2):
 PSYoungGen      total 498176K, used 55K [0x00000000dc700000, 0x00000000ff700000, 0x0000000100000000)
  eden space 497664K, 0% used [0x00000000dc700000,0x00000000dc700000,0x00000000fad00000)
  from space 512K, 10% used [0x00000000ff680000,0x00000000ff68ddd0,0x00000000ff700000)
  to   space 2048K, 0% used [0x00000000ff300000,0x00000000ff300000,0x00000000ff500000)
 ParOldGen       total 107520K, used 87913K [0x0000000095400000, 0x000000009bd00000, 0x00000000dc700000)
  object space 107520K, 81% used [0x0000000095400000,0x000000009a9da620,0x000000009bd00000)
 Metaspace       used 49980K, capacity 51353K, committed 51672K, reserved 1093632K
  class space    used 7571K, capacity 7816K, committed 7896K, reserved 1048576K
}
Event: 3473.331 GC heap before
{Heap before GC invocations=279 (full 2):
 PSYoungGen      total 498176K, used 497719K [0x00000000dc700000, 0x00000000ff700000, 0x0000000100000000)
  eden space 497664K, 100% used [0x00000000dc700000,0x00000000fad00000,0x00000000fad00000)
  from space 512K, 10% used [0x00000000ff680000,0x00000000ff68ddd0,0x00000000ff700000)
  to   space 2048K, 0% used [0x00000000ff300000,0x00000000ff300000,0x00000000ff500000)
 ParOldGen       total 107520K, used 87913K [0x0000000095400000, 0x000000009bd00000, 0x00000000dc700000)
  object space 107520K, 81% used [0x0000000095400000,0x000000009a9da620,0x000000009bd00000)
 Metaspace       used 49980K, capacity 51353K, committed 51672K, reserved 1093632K
  class space    used 7571K, capacity 7816K, committed 7896K, reserved 1048576K
Event: 3473.335 GC heap after
Heap after GC invocations=279 (full 2):
 PSYoungGen      total 522240K, used 55K [0x00000000dc700000, 0x00000000ff700000, 0x0000000100000000)
  eden space 520192K, 0% used [0x00000000dc700000,0x00000000dc700000,0x00000000fc300000)
  from space 2048K, 2% used [0x00000000ff300000,0x00000000ff30ddd0,0x00000000ff500000)
  to   space 2048K, 0% used [0x00000000ff500000,0x00000000ff500000,0x00000000ff700000)
 ParOldGen       total 107520K, used 87913K [0x0000000095400000, 0x000000009bd00000, 0x00000000dc700000)
  object space 107520K, 81% used [0x0000000095400000,0x000000009a9da620,0x000000009bd00000)
 Metaspace       used 49980K, capacity 51353K, committed 51672K, reserved 1093632K
  class space    used 7571K, capacity 7816K, committed 7896K, reserved 1048576K
}
Event: 3473.889 GC heap before
{Heap before GC invocations=280 (full 2):
 PSYoungGen      total 522240K, used 520247K [0x00000000dc700000, 0x00000000ff700000, 0x0000000100000000)
  eden space 520192K, 100% used [0x00000000dc700000,0x00000000fc300000,0x00000000fc300000)
  from space 2048K, 2% used [0x00000000ff300000,0x00000000ff30ddd0,0x00000000ff500000)
  to   space 2048K, 0% used [0x00000000ff500000,0x00000000ff500000,0x00000000ff700000)
 ParOldGen       total 107520K, used 87913K [0x0000000095400000, 0x000000009bd00000, 0x00000000dc700000)
  object space 107520K, 81% used [0x0000000095400000,0x000000009a9da620,0x000000009bd00000)
 Metaspace       used 49980K, capacity 51353K, committed 51672K, reserved 1093632K
  class space    used 7571K, capacity 7816K, committed 7896K, reserved 1048576K
Event: 3473.899 GC heap after
Heap after GC invocations=280 (full 2):
 PSYoungGen      total 546816K, used 64K [0x00000000dc700000, 0x00000000ff580000, 0x0000000100000000)
  eden space 546304K, 0% used [0x00000000dc700000,0x00000000dc700000,0x00000000fdc80000)
  from space 512K, 12% used [0x00000000ff500000,0x00000000ff510000,0x00000000ff580000)
  to   space 2048K, 0% used [0x00000000ff180000,0x00000000ff180000,0x00000000ff380000)
 ParOldGen       total 107520K, used 87913K [0x0000000095400000, 0x000000009bd00000, 0x00000000dc700000)
  object space 107520K, 81% used [0x0000000095400000,0x000000009a9da620,0x000000009bd00000)
 Metaspace       used 49980K, capacity 51353K, committed 51672K, reserved 1093632K
  class space    used 7571K, capacity 7816K, committed 7896K, reserved 1048576K
}

