# JRE version: OpenJDK Runtime Environment (8.0_292-b10) (build 1.8.0_292-b10)
# Java VM: OpenJDK 64-Bit Server VM (25.292-b10 mixed mode linux-amd64 compressed oops)
Heap:
 PSYoungGen      total 147968K, used 132486K [0x00000000dc700000, 0x00000000f1780000, 0x0000000100000000)
  eden space 147456K, 89% used [0x00000000dc700000,0x00000000e47e1bd8,0x00000000e5700000)
  from space 512K, 100% used [0x00000000f1700000,0x00000000f1780000,0x00000000f1780000)
  to   space 2048K, 0% used [0x00000000f1380000,0x00000000f1380000,0x00000000f1580000)
 ParOldGen       total 111616K, used 51922K [0x0000000095400000, 0x000000009c100000, 0x00000000dc700000)
  object space 111616K, 46% used [0x0000000095400000,0x00000000986b4870,0x000000009c100000)
 Metaspace       used 50050K, capacity 51375K, committed 51672K, reserved 1093632K
  class space    used 7590K, capacity 7845K, committed 7896K, reserved 1048576K
GC Heap History (10 events):
Event: 964.780 GC heap before
{Heap before GC invocations=354 (full 2):
 PSYoungGen      total 175616K, used 175360K [0x00000000dc700000, 0x00000000f1780000, 0x0000000100000000)
  eden space 175104K, 100% used [0x00000000dc700000,0x00000000e7200000,0x00000000e7200000)
  from space 512K, 50% used [0x00000000f1680000,0x00000000f16c0000,0x00000000f1700000)
  to   space 512K, 0% used [0x00000000f1700000,0x00000000f1700000,0x00000000f1780000)
 ParOldGen       total 111616K, used 47387K [0x0000000095400000, 0x000000009c100000, 0x00000000dc700000)
  object space 111616K, 42% used [0x0000000095400000,0x0000000098246ce8,0x000000009c100000)
 Metaspace       used 49272K, capacity 50671K, committed 50904K, reserved 1091584K
  class space    used 7585K, capacity 7845K, committed 7896K, reserved 1048576K
Event: 964.786 GC heap after
Heap after GC invocations=354 (full 2):
 PSYoungGen      total 169472K, used 192K [0x00000000dc700000, 0x00000000f1780000, 0x0000000100000000)
  eden space 168960K, 0% used [0x00000000dc700000,0x00000000dc700000,0x00000000e6c00000)
  from space 512K, 37% used [0x00000000f1700000,0x00000000f1730000,0x00000000f1780000)
  to   space 512K, 0% used [0x00000000f1680000,0x00000000f1680000,0x00000000f1700000)
 ParOldGen       total 111616K, used 47387K [0x0000000095400000, 0x000000009c100000, 0x00000000dc700000)
  object space 111616K, 42% used [0x0000000095400000,0x0000000098246ce8,0x000000009c100000)
 Metaspace       used 49272K, capacity 50671K, committed 50904K, reserved 1091584K
  class space    used 7585K, capacity 7845K, committed 7896K, reserved 1048576K
}
Event: 965.324 GC heap before
{Heap before GC invocations=355 (full 2):
 PSYoungGen      total 169472K, used 169152K [0x00000000dc700000, 0x00000000f1780000, 0x0000000100000000)
  eden space 168960K, 100% used [0x00000000dc700000,0x00000000e6c00000,0x00000000e6c00000)
  from space 512K, 37% used [0x00000000f1700000,0x00000000f1730000,0x00000000f1780000)
  to   space 512K, 0% used [0x00000000f1680000,0x00000000f1680000,0x00000000f1700000)
 ParOldGen       total 111616K, used 47387K [0x0000000095400000, 0x000000009c100000, 0x00000000dc700000)
  object space 111616K, 42% used [0x0000000095400000,0x0000000098246ce8,0x000000009c100000)
 Metaspace       used 49273K, capacity 50671K, committed 50904K, reserved 1091584K
  class space    used 7585K, capacity 7845K, committed 7896K, reserved 1048576K
Event: 965.329 GC heap after
Heap after GC invocations=355 (full 2):
 PSYoungGen      total 163840K, used 192K [0x00000000dc700000, 0x00000000f1780000, 0x0000000100000000)
  eden space 163328K, 0% used [0x00000000dc700000,0x00000000dc700000,0x00000000e6680000)
  from space 512K, 37% used [0x00000000f1680000,0x00000000f16b0000,0x00000000f1700000)
  to   space 512K, 0% used [0x00000000f1700000,0x00000000f1700000,0x00000000f1780000)
 ParOldGen       total 111616K, used 47387K [0x0000000095400000, 0x000000009c100000, 0x00000000dc700000)
  object space 111616K, 42% used [0x0000000095400000,0x0000000098246ce8,0x000000009c100000)
 Metaspace       used 49273K, capacity 50671K, committed 50904K, reserved 1091584K
  class space    used 7585K, capacity 7845K, committed 7896K, reserved 1048576K
}
Event: 966.241 GC heap before
{Heap before GC invocations=356 (full 2):
 PSYoungGen      total 163840K, used 163520K [0x00000000dc700000, 0x00000000f1780000, 0x0000000100000000)
  eden space 163328K, 100% used [0x00000000dc700000,0x00000000e6680000,0x00000000e6680000)
  from space 512K, 37% used [0x00000000f1680000,0x00000000f16b0000,0x00000000f1700000)
  to   space 512K, 0% used [0x00000000f1700000,0x00000000f1700000,0x00000000f1780000)
 ParOldGen       total 111616K, used 47387K [0x0000000095400000, 0x000000009c100000, 0x00000000dc700000)
  object space 111616K, 42% used [0x0000000095400000,0x0000000098246ce8,0x000000009c100000)
 Metaspace       used 49273K, capacity 50671K, committed 50904K, reserved 1091584K
  class space    used 7585K, capacity 7845K, committed 7896K, reserved 1048576K
Event: 966.248 GC heap after
Heap after GC invocations=356 (full 2):
 PSYoungGen      total 158208K, used 224K [0x00000000dc700000, 0x00000000f1780000, 0x0000000100000000)
  eden space 157696K, 0% used [0x00000000dc700000,0x00000000dc700000,0x00000000e6100000)
  from space 512K, 43% used [0x00000000f1700000,0x00000000f1738000,0x00000000f1780000)
  to   space 512K, 0% used [0x00000000f1680000,0x00000000f1680000,0x00000000f1700000)
 ParOldGen       total 111616K, used 47387K [0x0000000095400000, 0x000000009c100000, 0x00000000dc700000)
  object space 111616K, 42% used [0x0000000095400000,0x0000000098246ce8,0x000000009c100000)
 Metaspace       used 49273K, capacity 50671K, committed 50904K, reserved 1091584K
  class space    used 7585K, capacity 7845K, committed 7896K, reserved 1048576K
}
Event: 1025.340 GC heap before
{Heap before GC invocations=357 (full 2):
 PSYoungGen      total 158208K, used 157920K [0x00000000dc700000, 0x00000000f1780000, 0x0000000100000000)
  eden space 157696K, 100% used [0x00000000dc700000,0x00000000e6100000,0x00000000e6100000)
  from space 512K, 43% used [0x00000000f1700000,0x00000000f1738000,0x00000000f1780000)
  to   space 512K, 0% used [0x00000000f1680000,0x00000000f1680000,0x00000000f1700000)
 ParOldGen       total 111616K, used 47387K [0x0000000095400000, 0x000000009c100000, 0x00000000dc700000)
  object space 111616K, 42% used [0x0000000095400000,0x0000000098246ce8,0x000000009c100000)
 Metaspace       used 50044K, capacity 51375K, committed 51672K, reserved 1093632K
  class space    used 7590K, capacity 7845K, committed 7896K, reserved 1048576K
Event: 1025.359 GC heap after
Heap after GC invocations=357 (full 2):
 PSYoungGen      total 153088K, used 512K [0x00000000dc700000, 0x00000000f1780000, 0x0000000100000000)
  eden space 152576K, 0% used [0x00000000dc700000,0x00000000dc700000,0x00000000e5c00000)
  from space 512K, 100% used [0x00000000f1680000,0x00000000f1700000,0x00000000f1700000)
  to   space 512K, 0% used [0x00000000f1700000,0x00000000f1700000,0x00000000f1780000)
 ParOldGen       total 111616K, used 51889K [0x0000000095400000, 0x000000009c100000, 0x00000000dc700000)
  object space 111616K, 46% used [0x0000000095400000,0x00000000986ac458,0x000000009c100000)
 Metaspace       used 50044K, capacity 51375K, committed 51672K, reserved 1093632K
  class space    used 7590K, capacity 7845K, committed 7896K, reserved 1048576K
}
Event: 1026.352 GC heap before
{Heap before GC invocations=358 (full 2):
 PSYoungGen      total 153088K, used 153088K [0x00000000dc700000, 0x00000000f1780000, 0x0000000100000000)
  eden space 152576K, 100% used [0x00000000dc700000,0x00000000e5c00000,0x00000000e5c00000)
  from space 512K, 100% used [0x00000000f1680000,0x00000000f1700000,0x00000000f1700000)
  to   space 512K, 0% used [0x00000000f1700000,0x00000000f1700000,0x00000000f1780000)
 ParOldGen       total 111616K, used 51889K [0x0000000095400000, 0x000000009c100000, 0x00000000dc700000)
  object space 111616K, 46% used [0x0000000095400000,0x00000000986ac458,0x000000009c100000)
 Metaspace       used 50044K, capacity 51375K, committed 51672K, reserved 1093632K
  class space    used 7590K, capacity 7845K, committed 7896K, reserved 1048576K
Event: 1026.356 GC heap after
Heap after GC invocations=358 (full 2):
 PSYoungGen      total 147968K, used 512K [0x00000000dc700000, 0x00000000f1780000, 0x0000000100000000)
  eden space 147456K, 0% used [0x00000000dc700000,0x00000000dc700000,0x00000000e5700000)
  from space 512K, 100% used [0x00000000f1700000,0x00000000f1780000,0x00000000f1780000)
  to   space 2048K, 0% used [0x00000000f1380000,0x00000000f1380000,0x00000000f1580000)
 ParOldGen       total 111616K, used 51922K [0x0000000095400000, 0x000000009c100000, 0x00000000dc700000)
  object space 111616K, 46% used [0x0000000095400000,0x00000000986b4870,0x000000009c100000)
 Metaspace       used 50044K, capacity 51375K, committed 51672K, reserved 1093632K
  class space    used 7590K, capacity 7845K, committed 7896K, reserved 1048576K
}

