# JRE version: OpenJDK Runtime Environment (8.0_292-b10) (build 1.8.0_292-b10)
# Java VM: OpenJDK 64-Bit Server VM (25.292-b10 mixed mode linux-amd64 compressed oops)
Heap:
 PSYoungGen      total 435200K, used 30823K [0x00000000dc700000, 0x00000000f9d80000, 0x0000000100000000)
  eden space 404992K, 6% used [0x00000000dc700000,0x00000000de0fefa0,0x00000000f5280000)
  from space 30208K, 13% used [0x00000000f8000000,0x00000000f841afb0,0x00000000f9d80000)
  to   space 38400K, 0% used [0x00000000f5280000,0x00000000f5280000,0x00000000f7800000)
 ParOldGen       total 111104K, used 61865K [0x0000000095400000, 0x000000009c080000, 0x00000000dc700000)
  object space 111104K, 55% used [0x0000000095400000,0x000000009906a670,0x000000009c080000)
 Metaspace       used 48425K, capacity 49793K, committed 50008K, reserved 1091584K
  class space    used 7535K, capacity 7748K, committed 7768K, reserved 1048576K
GC Heap History (10 events):
Event: 218.186 GC heap before
{Heap before GC invocations=22 (full 2):
 PSYoungGen      total 397824K, used 380499K [0x00000000dc700000, 0x00000000f8900000, 0x0000000100000000)
  eden space 360448K, 100% used [0x00000000dc700000,0x00000000f2700000,0x00000000f2700000)
  from space 37376K, 53% used [0x00000000f2700000,0x00000000f3a94ce0,0x00000000f4b80000)
  to   space 35840K, 0% used [0x00000000f6600000,0x00000000f6600000,0x00000000f8900000)
 ParOldGen       total 111104K, used 36518K [0x0000000095400000, 0x000000009c080000, 0x00000000dc700000)
  object space 111104K, 32% used [0x0000000095400000,0x00000000977a9908,0x000000009c080000)
 Metaspace       used 47890K, capacity 49185K, committed 49496K, reserved 1091584K
  class space    used 7501K, capacity 7716K, committed 7768K, reserved 1048576K
Event: 218.220 GC heap after
Heap after GC invocations=22 (full 2):
 PSYoungGen      total 415744K, used 25705K [0x00000000dc700000, 0x00000000f8500000, 0x0000000100000000)
  eden space 384000K, 0% used [0x00000000dc700000,0x00000000dc700000,0x00000000f3e00000)
  from space 31744K, 80% used [0x00000000f6600000,0x00000000f7f1a708,0x00000000f8500000)
  to   space 36352K, 0% used [0x00000000f3e00000,0x00000000f3e00000,0x00000000f6180000)
 ParOldGen       total 111104K, used 36518K [0x0000000095400000, 0x000000009c080000, 0x00000000dc700000)
  object space 111104K, 32% used [0x0000000095400000,0x00000000977a9908,0x000000009c080000)
 Metaspace       used 47890K, capacity 49185K, committed 49496K, reserved 1091584K
  class space    used 7501K, capacity 7716K, committed 7768K, reserved 1048576K
}
Event: 246.820 GC heap before
{Heap before GC invocations=23 (full 2):
 PSYoungGen      total 415744K, used 409705K [0x00000000dc700000, 0x00000000f8500000, 0x0000000100000000)
  eden space 384000K, 100% used [0x00000000dc700000,0x00000000f3e00000,0x00000000f3e00000)
  from space 31744K, 80% used [0x00000000f6600000,0x00000000f7f1a708,0x00000000f8500000)
  to   space 36352K, 0% used [0x00000000f3e00000,0x00000000f3e00000,0x00000000f6180000)
 ParOldGen       total 111104K, used 36518K [0x0000000095400000, 0x000000009c080000, 0x00000000dc700000)
  object space 111104K, 32% used [0x0000000095400000,0x00000000977a9908,0x000000009c080000)
 Metaspace       used 47989K, capacity 49345K, committed 49496K, reserved 1091584K
  class space    used 7504K, capacity 7748K, committed 7768K, reserved 1048576K
Event: 246.844 GC heap after
Heap after GC invocations=23 (full 2):
 PSYoungGen      total 382976K, used 15325K [0x00000000dc700000, 0x00000000f7400000, 0x0000000100000000)
  eden space 367616K, 0% used [0x00000000dc700000,0x00000000dc700000,0x00000000f2e00000)
  from space 15360K, 99% used [0x00000000f3e00000,0x00000000f4cf7470,0x00000000f4d00000)
  to   space 35840K, 0% used [0x00000000f5100000,0x00000000f5100000,0x00000000f7400000)
 ParOldGen       total 111104K, used 42617K [0x0000000095400000, 0x000000009c080000, 0x00000000dc700000)
  object space 111104K, 38% used [0x0000000095400000,0x0000000097d9e628,0x000000009c080000)
 Metaspace       used 47989K, capacity 49345K, committed 49496K, reserved 1091584K
  class space    used 7504K, capacity 7748K, committed 7768K, reserved 1048576K
}
Event: 247.307 GC heap before
{Heap before GC invocations=24 (full 2):
 PSYoungGen      total 382976K, used 382941K [0x00000000dc700000, 0x00000000f7400000, 0x0000000100000000)
  eden space 367616K, 100% used [0x00000000dc700000,0x00000000f2e00000,0x00000000f2e00000)
  from space 15360K, 99% used [0x00000000f3e00000,0x00000000f4cf7470,0x00000000f4d00000)
  to   space 35840K, 0% used [0x00000000f5100000,0x00000000f5100000,0x00000000f7400000)
 ParOldGen       total 111104K, used 42617K [0x0000000095400000, 0x000000009c080000, 0x00000000dc700000)
  object space 111104K, 38% used [0x0000000095400000,0x0000000097d9e628,0x000000009c080000)
 Metaspace       used 47989K, capacity 49345K, committed 49496K, reserved 1091584K
  class space    used 7504K, capacity 7748K, committed 7768K, reserved 1048576K
Event: 247.333 GC heap after
Heap after GC invocations=24 (full 2):
 PSYoungGen      total 401920K, used 1970K [0x00000000dc700000, 0x00000000fa600000, 0x0000000100000000)
  eden space 366080K, 0% used [0x00000000dc700000,0x00000000dc700000,0x00000000f2c80000)
  from space 35840K, 5% used [0x00000000f5100000,0x00000000f52ec830,0x00000000f7400000)
  to   space 37376K, 0% used [0x00000000f2c80000,0x00000000f2c80000,0x00000000f5100000)
 ParOldGen       total 111104K, used 61545K [0x0000000095400000, 0x000000009c080000, 0x00000000dc700000)
  object space 111104K, 55% used [0x0000000095400000,0x000000009901a480,0x000000009c080000)
 Metaspace       used 47989K, capacity 49345K, committed 49496K, reserved 1091584K
  class space    used 7504K, capacity 7748K, committed 7768K, reserved 1048576K
}
Event: 247.930 GC heap before
{Heap before GC invocations=25 (full 2):
 PSYoungGen      total 401920K, used 368050K [0x00000000dc700000, 0x00000000fa600000, 0x0000000100000000)
  eden space 366080K, 100% used [0x00000000dc700000,0x00000000f2c80000,0x00000000f2c80000)
  from space 35840K, 5% used [0x00000000f5100000,0x00000000f52ec830,0x00000000f7400000)
  to   space 37376K, 0% used [0x00000000f2c80000,0x00000000f2c80000,0x00000000f5100000)
 ParOldGen       total 111104K, used 61545K [0x0000000095400000, 0x000000009c080000, 0x00000000dc700000)
  object space 111104K, 55% used [0x0000000095400000,0x000000009901a480,0x000000009c080000)
 Metaspace       used 47989K, capacity 49345K, committed 49496K, reserved 1091584K
  class space    used 7504K, capacity 7748K, committed 7768K, reserved 1048576K
Event: 247.940 GC heap after
Heap after GC invocations=25 (full 2):
 PSYoungGen      total 403456K, used 1664K [0x00000000dc700000, 0x00000000fa580000, 0x0000000100000000)
  eden space 366080K, 0% used [0x00000000dc700000,0x00000000dc700000,0x00000000f2c80000)
  from space 37376K, 4% used [0x00000000f2c80000,0x00000000f2e20010,0x00000000f5100000)
  to   space 38400K, 0% used [0x00000000f8000000,0x00000000f8000000,0x00000000fa580000)
 ParOldGen       total 111104K, used 61849K [0x0000000095400000, 0x000000009c080000, 0x00000000dc700000)
  object space 111104K, 55% used [0x0000000095400000,0x0000000099066670,0x000000009c080000)
 Metaspace       used 47989K, capacity 49345K, committed 49496K, reserved 1091584K
  class space    used 7504K, capacity 7748K, committed 7768K, reserved 1048576K
}
Event: 264.001 GC heap before
{Heap before GC invocations=26 (full 2):
 PSYoungGen      total 403456K, used 367744K [0x00000000dc700000, 0x00000000fa580000, 0x0000000100000000)
  eden space 366080K, 100% used [0x00000000dc700000,0x00000000f2c80000,0x00000000f2c80000)
  from space 37376K, 4% used [0x00000000f2c80000,0x00000000f2e20010,0x00000000f5100000)
  to   space 38400K, 0% used [0x00000000f8000000,0x00000000f8000000,0x00000000fa580000)
 ParOldGen       total 111104K, used 61849K [0x0000000095400000, 0x000000009c080000, 0x00000000dc700000)
  object space 111104K, 55% used [0x0000000095400000,0x0000000099066670,0x000000009c080000)
 Metaspace       used 48416K, capacity 49729K, committed 50008K, reserved 1091584K
  class space    used 7534K, capacity 7748K, committed 7768K, reserved 1048576K
Event: 264.011 GC heap after
Heap after GC invocations=26 (full 2):
 PSYoungGen      total 435200K, used 4203K [0x00000000dc700000, 0x00000000f9d80000, 0x0000000100000000)
  eden space 404992K, 0% used [0x00000000dc700000,0x00000000dc700000,0x00000000f5280000)
  from space 30208K, 13% used [0x00000000f8000000,0x00000000f841afb0,0x00000000f9d80000)
  to   space 38400K, 0% used [0x00000000f5280000,0x00000000f5280000,0x00000000f7800000)
 ParOldGen       total 111104K, used 61865K [0x0000000095400000, 0x000000009c080000, 0x00000000dc700000)
  object space 111104K, 55% used [0x0000000095400000,0x000000009906a670,0x000000009c080000)
 Metaspace       used 48416K, capacity 49729K, committed 50008K, reserved 1091584K
  class space    used 7534K, capacity 7748K, committed 7768K, reserved 1048576K
}

