# JRE version: OpenJDK Runtime Environment (8.0_292-b10) (build 1.8.0_292-b10)
# Java VM: OpenJDK 64-Bit Server VM (25.292-b10 mixed mode linux-amd64 compressed oops)
Heap:
 PSYoungGen      total 560128K, used 454508K [0x00000000dc700000, 0x00000000ffe80000, 0x0000000100000000)
  eden space 540160K, 81% used [0x00000000dc700000,0x00000000f76da568,0x00000000fd680000)
  from space 19968K, 61% used [0x00000000feb00000,0x00000000ff700b00,0x00000000ffe80000)
  to   space 20480K, 0% used [0x00000000fd680000,0x00000000fd680000,0x00000000fea80000)
 ParOldGen       total 108544K, used 49573K [0x0000000095400000, 0x000000009be00000, 0x00000000dc700000)
  object space 108544K, 45% used [0x0000000095400000,0x00000000984697e0,0x000000009be00000)
 Metaspace       used 48160K, capacity 49499K, committed 49752K, reserved 1091584K
  class space    used 7431K, capacity 7651K, committed 7768K, reserved 1048576K
GC Heap History (10 events):
Event: 140.191 GC heap before
{Heap before GC invocations=24 (full 2):
 PSYoungGen      total 558080K, used 545850K [0x00000000dc700000, 0x0000000100000000, 0x0000000100000000)
  eden space 535552K, 100% used [0x00000000dc700000,0x00000000fd200000,0x00000000fd200000)
  from space 22528K, 45% used [0x00000000fd200000,0x00000000fdc0ebf0,0x00000000fe800000)
  to   space 22528K, 0% used [0x00000000fea00000,0x00000000fea00000,0x0000000100000000)
 ParOldGen       total 108544K, used 49573K [0x0000000095400000, 0x000000009be00000, 0x00000000dc700000)
  object space 108544K, 45% used [0x0000000095400000,0x00000000984697e0,0x000000009be00000)
 Metaspace       used 48104K, capacity 49435K, committed 49752K, reserved 1091584K
  class space    used 7427K, capacity 7651K, committed 7768K, reserved 1048576K
Event: 140.210 GC heap after
Heap after GC invocations=24 (full 2):
 PSYoungGen      total 559104K, used 10346K [0x00000000dc700000, 0x00000000fff00000, 0x0000000100000000)
  eden space 537600K, 0% used [0x00000000dc700000,0x00000000dc700000,0x00000000fd400000)
  from space 21504K, 48% used [0x00000000fea00000,0x00000000ff41abe0,0x00000000fff00000)
  to   space 22016K, 0% used [0x00000000fd400000,0x00000000fd400000,0x00000000fe980000)
 ParOldGen       total 108544K, used 49573K [0x0000000095400000, 0x000000009be00000, 0x00000000dc700000)
  object space 108544K, 45% used [0x0000000095400000,0x00000000984697e0,0x000000009be00000)
 Metaspace       used 48104K, capacity 49435K, committed 49752K, reserved 1091584K
  class space    used 7427K, capacity 7651K, committed 7768K, reserved 1048576K
}
Event: 140.873 GC heap before
{Heap before GC invocations=25 (full 2):
 PSYoungGen      total 559104K, used 547946K [0x00000000dc700000, 0x00000000fff00000, 0x0000000100000000)
  eden space 537600K, 100% used [0x00000000dc700000,0x00000000fd400000,0x00000000fd400000)
  from space 21504K, 48% used [0x00000000fea00000,0x00000000ff41abe0,0x00000000fff00000)
  to   space 22016K, 0% used [0x00000000fd400000,0x00000000fd400000,0x00000000fe980000)
 ParOldGen       total 108544K, used 49573K [0x0000000095400000, 0x000000009be00000, 0x00000000dc700000)
  object space 108544K, 45% used [0x0000000095400000,0x00000000984697e0,0x000000009be00000)
 Metaspace       used 48104K, capacity 49435K, committed 49752K, reserved 1091584K
  class space    used 7427K, capacity 7651K, committed 7768K, reserved 1048576K
Event: 140.886 GC heap after
Heap after GC invocations=25 (full 2):
 PSYoungGen      total 559616K, used 10330K [0x00000000dc700000, 0x0000000100000000, 0x0000000100000000)
  eden space 537600K, 0% used [0x00000000dc700000,0x00000000dc700000,0x00000000fd400000)
  from space 22016K, 46% used [0x00000000fd400000,0x00000000fde16bf0,0x00000000fe980000)
  to   space 22016K, 0% used [0x00000000fea80000,0x00000000fea80000,0x0000000100000000)
 ParOldGen       total 108544K, used 49573K [0x0000000095400000, 0x000000009be00000, 0x00000000dc700000)
  object space 108544K, 45% used [0x0000000095400000,0x00000000984697e0,0x000000009be00000)
 Metaspace       used 48104K, capacity 49435K, committed 49752K, reserved 1091584K
  class space    used 7427K, capacity 7651K, committed 7768K, reserved 1048576K
}
Event: 141.576 GC heap before
{Heap before GC invocations=26 (full 2):
 PSYoungGen      total 559616K, used 547930K [0x00000000dc700000, 0x0000000100000000, 0x0000000100000000)
  eden space 537600K, 100% used [0x00000000dc700000,0x00000000fd400000,0x00000000fd400000)
  from space 22016K, 46% used [0x00000000fd400000,0x00000000fde16bf0,0x00000000fe980000)
  to   space 22016K, 0% used [0x00000000fea80000,0x00000000fea80000,0x0000000100000000)
 ParOldGen       total 108544K, used 49573K [0x0000000095400000, 0x000000009be00000, 0x00000000dc700000)
  object space 108544K, 45% used [0x0000000095400000,0x00000000984697e0,0x000000009be00000)
 Metaspace       used 48104K, capacity 49435K, committed 49752K, reserved 1091584K
  class space    used 7427K, capacity 7651K, committed 7768K, reserved 1048576K
Event: 141.594 GC heap after
Heap after GC invocations=26 (full 2):
 PSYoungGen      total 559616K, used 10330K [0x00000000dc700000, 0x00000000fff00000, 0x0000000100000000)
  eden space 538624K, 0% used [0x00000000dc700000,0x00000000dc700000,0x00000000fd500000)
  from space 20992K, 49% used [0x00000000fea80000,0x00000000ff496bf0,0x00000000fff00000)
  to   space 21504K, 0% used [0x00000000fd500000,0x00000000fd500000,0x00000000fea00000)
 ParOldGen       total 108544K, used 49573K [0x0000000095400000, 0x000000009be00000, 0x00000000dc700000)
  object space 108544K, 45% used [0x0000000095400000,0x00000000984697e0,0x000000009be00000)
 Metaspace       used 48104K, capacity 49435K, committed 49752K, reserved 1091584K
  class space    used 7427K, capacity 7651K, committed 7768K, reserved 1048576K
}
Event: 150.901 GC heap before
{Heap before GC invocations=27 (full 2):
 PSYoungGen      total 559616K, used 548954K [0x00000000dc700000, 0x00000000fff00000, 0x0000000100000000)
  eden space 538624K, 100% used [0x00000000dc700000,0x00000000fd500000,0x00000000fd500000)
  from space 20992K, 49% used [0x00000000fea80000,0x00000000ff496bf0,0x00000000fff00000)
  to   space 21504K, 0% used [0x00000000fd500000,0x00000000fd500000,0x00000000fea00000)
 ParOldGen       total 108544K, used 49573K [0x0000000095400000, 0x000000009be00000, 0x00000000dc700000)
  object space 108544K, 45% used [0x0000000095400000,0x00000000984697e0,0x000000009be00000)
 Metaspace       used 48120K, capacity 49435K, committed 49752K, reserved 1091584K
  class space    used 7427K, capacity 7651K, committed 7768K, reserved 1048576K
Event: 150.920 GC heap after
Heap after GC invocations=27 (full 2):
 PSYoungGen      total 560128K, used 10399K [0x00000000dc700000, 0x00000000fff80000, 0x0000000100000000)
  eden space 538624K, 0% used [0x00000000dc700000,0x00000000dc700000,0x00000000fd500000)
  from space 21504K, 48% used [0x00000000fd500000,0x00000000fdf27d90,0x00000000fea00000)
  to   space 20992K, 0% used [0x00000000feb00000,0x00000000feb00000,0x00000000fff80000)
 ParOldGen       total 108544K, used 49573K [0x0000000095400000, 0x000000009be00000, 0x00000000dc700000)
  object space 108544K, 45% used [0x0000000095400000,0x00000000984697e0,0x000000009be00000)
 Metaspace       used 48120K, capacity 49435K, committed 49752K, reserved 1091584K
  class space    used 7427K, capacity 7651K, committed 7768K, reserved 1048576K
}
Event: 151.718 GC heap before
{Heap before GC invocations=28 (full 2):
 PSYoungGen      total 560128K, used 549023K [0x00000000dc700000, 0x00000000fff80000, 0x0000000100000000)
  eden space 538624K, 100% used [0x00000000dc700000,0x00000000fd500000,0x00000000fd500000)
  from space 21504K, 48% used [0x00000000fd500000,0x00000000fdf27d90,0x00000000fea00000)
  to   space 20992K, 0% used [0x00000000feb00000,0x00000000feb00000,0x00000000fff80000)
 ParOldGen       total 108544K, used 49573K [0x0000000095400000, 0x000000009be00000, 0x00000000dc700000)
  object space 108544K, 45% used [0x0000000095400000,0x00000000984697e0,0x000000009be00000)
 Metaspace       used 48155K, capacity 49499K, committed 49752K, reserved 1091584K
  class space    used 7431K, capacity 7651K, committed 7768K, reserved 1048576K
Event: 151.738 GC heap after
Heap after GC invocations=28 (full 2):
 PSYoungGen      total 560128K, used 12290K [0x00000000dc700000, 0x00000000ffe80000, 0x0000000100000000)
  eden space 540160K, 0% used [0x00000000dc700000,0x00000000dc700000,0x00000000fd680000)
  from space 19968K, 61% used [0x00000000feb00000,0x00000000ff700b00,0x00000000ffe80000)
  to   space 20480K, 0% used [0x00000000fd680000,0x00000000fd680000,0x00000000fea80000)
 ParOldGen       total 108544K, used 49573K [0x0000000095400000, 0x000000009be00000, 0x00000000dc700000)
  object space 108544K, 45% used [0x0000000095400000,0x00000000984697e0,0x000000009be00000)
 Metaspace       used 48155K, capacity 49499K, committed 49752K, reserved 1091584K
  class space    used 7431K, capacity 7651K, committed 7768K, reserved 1048576K
}

