# JRE version: OpenJDK Runtime Environment (8.0_292-b10) (build 1.8.0_292-b10)
# Java VM: OpenJDK 64-Bit Server VM (25.292-b10 mixed mode linux-amd64 compressed oops)
Heap:
 PSYoungGen      total 328192K, used 316083K [0x00000000dc700000, 0x00000000f9680000, 0x0000000100000000)
  eden space 327680K, 96% used [0x00000000dc700000,0x00000000efba4d30,0x00000000f0700000)
  from space 512K, 6% used [0x00000000f9580000,0x00000000f9588000,0x00000000f9600000)
  to   space 512K, 0% used [0x00000000f9600000,0x00000000f9600000,0x00000000f9680000)
 ParOldGen       total 116224K, used 59627K [0x0000000095400000, 0x000000009c580000, 0x00000000dc700000)
  object space 116224K, 51% used [0x0000000095400000,0x0000000098e3ae88,0x000000009c580000)
 Metaspace       used 49155K, capacity 50505K, committed 50648K, reserved 1091584K
  class space    used 7573K, capacity 7812K, committed 7896K, reserved 1048576K
GC Heap History (10 events):
Event: 76464.014 GC heap before
{Heap before GC invocations=165 (full 2):
 PSYoungGen      total 305664K, used 305248K [0x00000000dc700000, 0x00000000f9700000, 0x0000000100000000)
  eden space 305152K, 100% used [0x00000000dc700000,0x00000000ef100000,0x00000000ef100000)
  from space 512K, 18% used [0x00000000f9680000,0x00000000f9698000,0x00000000f9700000)
  to   space 1024K, 0% used [0x00000000f9500000,0x00000000f9500000,0x00000000f9600000)
 ParOldGen       total 116224K, used 59603K [0x0000000095400000, 0x000000009c580000, 0x00000000dc700000)
  object space 116224K, 51% used [0x0000000095400000,0x0000000098e34e88,0x000000009c580000)
 Metaspace       used 49154K, capacity 50505K, committed 50648K, reserved 1091584K
  class space    used 7573K, capacity 7812K, committed 7896K, reserved 1048576K
Event: 76464.019 GC heap after
Heap after GC invocations=165 (full 2):
 PSYoungGen      total 293888K, used 96K [0x00000000dc700000, 0x00000000f9700000, 0x0000000100000000)
  eden space 292864K, 0% used [0x00000000dc700000,0x00000000dc700000,0x00000000ee500000)
  from space 1024K, 9% used [0x00000000f9500000,0x00000000f9518000,0x00000000f9600000)
  to   space 1024K, 0% used [0x00000000f9600000,0x00000000f9600000,0x00000000f9700000)
 ParOldGen       total 116224K, used 59611K [0x0000000095400000, 0x000000009c580000, 0x00000000dc700000)
  object space 116224K, 51% used [0x0000000095400000,0x0000000098e36e88,0x000000009c580000)
 Metaspace       used 49154K, capacity 50505K, committed 50648K, reserved 1091584K
  class space    used 7573K, capacity 7812K, committed 7896K, reserved 1048576K
}
Event: 76464.419 GC heap before
{Heap before GC invocations=166 (full 2):
 PSYoungGen      total 293888K, used 292960K [0x00000000dc700000, 0x00000000f9700000, 0x0000000100000000)
  eden space 292864K, 100% used [0x00000000dc700000,0x00000000ee500000,0x00000000ee500000)
  from space 1024K, 9% used [0x00000000f9500000,0x00000000f9518000,0x00000000f9600000)
  to   space 1024K, 0% used [0x00000000f9600000,0x00000000f9600000,0x00000000f9700000)
 ParOldGen       total 116224K, used 59611K [0x0000000095400000, 0x000000009c580000, 0x00000000dc700000)
  object space 116224K, 51% used [0x0000000095400000,0x0000000098e36e88,0x000000009c580000)
 Metaspace       used 49154K, capacity 50505K, committed 50648K, reserved 1091584K
  class space    used 7573K, capacity 7812K, committed 7896K, reserved 1048576K
Event: 76464.423 GC heap after
Heap after GC invocations=166 (full 2):
 PSYoungGen      total 281600K, used 32K [0x00000000dc700000, 0x00000000f9680000, 0x0000000100000000)
  eden space 281088K, 0% used [0x00000000dc700000,0x00000000dc700000,0x00000000ed980000)
  from space 512K, 6% used [0x00000000f9600000,0x00000000f9608000,0x00000000f9680000)
  to   space 1024K, 0% used [0x00000000f9480000,0x00000000f9480000,0x00000000f9580000)
 ParOldGen       total 116224K, used 59619K [0x0000000095400000, 0x000000009c580000, 0x00000000dc700000)
  object space 116224K, 51% used [0x0000000095400000,0x0000000098e38e88,0x000000009c580000)
 Metaspace       used 49154K, capacity 50505K, committed 50648K, reserved 1091584K
  class space    used 7573K, capacity 7812K, committed 7896K, reserved 1048576K
}
Event: 76464.760 GC heap before
{Heap before GC invocations=167 (full 2):
 PSYoungGen      total 281600K, used 281120K [0x00000000dc700000, 0x00000000f9680000, 0x0000000100000000)
  eden space 281088K, 100% used [0x00000000dc700000,0x00000000ed980000,0x00000000ed980000)
  from space 512K, 6% used [0x00000000f9600000,0x00000000f9608000,0x00000000f9680000)
  to   space 1024K, 0% used [0x00000000f9480000,0x00000000f9480000,0x00000000f9580000)
 ParOldGen       total 116224K, used 59619K [0x0000000095400000, 0x000000009c580000, 0x00000000dc700000)
  object space 116224K, 51% used [0x0000000095400000,0x0000000098e38e88,0x000000009c580000)
 Metaspace       used 49154K, capacity 50505K, committed 50648K, reserved 1091584K
  class space    used 7573K, capacity 7812K, committed 7896K, reserved 1048576K
Event: 76464.767 GC heap after
Heap after GC invocations=167 (full 2):
 PSYoungGen      total 295936K, used 87K [0x00000000dc700000, 0x00000000f9680000, 0x0000000100000000)
  eden space 294912K, 0% used [0x00000000dc700000,0x00000000dc700000,0x00000000ee700000)
  from space 1024K, 8% used [0x00000000f9480000,0x00000000f9495dd0,0x00000000f9580000)
  to   space 512K, 0% used [0x00000000f9600000,0x00000000f9600000,0x00000000f9680000)
 ParOldGen       total 116224K, used 59627K [0x0000000095400000, 0x000000009c580000, 0x00000000dc700000)
  object space 116224K, 51% used [0x0000000095400000,0x0000000098e3ae88,0x000000009c580000)
 Metaspace       used 49154K, capacity 50505K, committed 50648K, reserved 1091584K
  class space    used 7573K, capacity 7812K, committed 7896K, reserved 1048576K
}
Event: 76465.058 GC heap before
{Heap before GC invocations=168 (full 2):
 PSYoungGen      total 295936K, used 294999K [0x00000000dc700000, 0x00000000f9680000, 0x0000000100000000)
  eden space 294912K, 100% used [0x00000000dc700000,0x00000000ee700000,0x00000000ee700000)
  from space 1024K, 8% used [0x00000000f9480000,0x00000000f9495dd0,0x00000000f9580000)
  to   space 512K, 0% used [0x00000000f9600000,0x00000000f9600000,0x00000000f9680000)
 ParOldGen       total 116224K, used 59627K [0x0000000095400000, 0x000000009c580000, 0x00000000dc700000)
  object space 116224K, 51% used [0x0000000095400000,0x0000000098e3ae88,0x000000009c580000)
 Metaspace       used 49154K, capacity 50505K, committed 50648K, reserved 1091584K
  class space    used 7573K, capacity 7812K, committed 7896K, reserved 1048576K
Event: 76465.063 GC heap after
Heap after GC invocations=168 (full 2):
 PSYoungGen      total 311808K, used 32K [0x00000000dc700000, 0x00000000f9680000, 0x0000000100000000)
  eden space 311296K, 0% used [0x00000000dc700000,0x00000000dc700000,0x00000000ef700000)
  from space 512K, 6% used [0x00000000f9600000,0x00000000f9608000,0x00000000f9680000)
  to   space 512K, 0% used [0x00000000f9580000,0x00000000f9580000,0x00000000f9600000)
 ParOldGen       total 116224K, used 59627K [0x0000000095400000, 0x000000009c580000, 0x00000000dc700000)
  object space 116224K, 51% used [0x0000000095400000,0x0000000098e3ae88,0x000000009c580000)
 Metaspace       used 49154K, capacity 50505K, committed 50648K, reserved 1091584K
  class space    used 7573K, capacity 7812K, committed 7896K, reserved 1048576K
}
Event: 76465.438 GC heap before
{Heap before GC invocations=169 (full 2):
 PSYoungGen      total 311808K, used 311328K [0x00000000dc700000, 0x00000000f9680000, 0x0000000100000000)
  eden space 311296K, 100% used [0x00000000dc700000,0x00000000ef700000,0x00000000ef700000)
  from space 512K, 6% used [0x00000000f9600000,0x00000000f9608000,0x00000000f9680000)
  to   space 512K, 0% used [0x00000000f9580000,0x00000000f9580000,0x00000000f9600000)
 ParOldGen       total 116224K, used 59627K [0x0000000095400000, 0x000000009c580000, 0x00000000dc700000)
  object space 116224K, 51% used [0x0000000095400000,0x0000000098e3ae88,0x000000009c580000)
 Metaspace       used 49154K, capacity 50505K, committed 50648K, reserved 1091584K
  class space    used 7573K, capacity 7812K, committed 7896K, reserved 1048576K
Event: 76465.442 GC heap after
Heap after GC invocations=169 (full 2):
 PSYoungGen      total 328192K, used 32K [0x00000000dc700000, 0x00000000f9680000, 0x0000000100000000)
  eden space 327680K, 0% used [0x00000000dc700000,0x00000000dc700000,0x00000000f0700000)
  from space 512K, 6% used [0x00000000f9580000,0x00000000f9588000,0x00000000f9600000)
  to   space 512K, 0% used [0x00000000f9600000,0x00000000f9600000,0x00000000f9680000)
 ParOldGen       total 116224K, used 59627K [0x0000000095400000, 0x000000009c580000, 0x00000000dc700000)
  object space 116224K, 51% used [0x0000000095400000,0x0000000098e3ae88,0x000000009c580000)
 Metaspace       used 49154K, capacity 50505K, committed 50648K, reserved 1091584K
  class space    used 7573K, capacity 7812K, committed 7896K, reserved 1048576K
}

