# JRE version: OpenJDK Runtime Environment (8.0_292-b10) (build 1.8.0_292-b10)
# Java VM: OpenJDK 64-Bit Server VM (25.292-b10 mixed mode linux-amd64 compressed oops)
Heap:
 PSYoungGen      total 224256K, used 126908K [0x00000000dc700000, 0x00000000ea980000, 0x0000000100000000)
  eden space 217088K, 56% used [0x00000000dc700000,0x00000000e3ef3c68,0x00000000e9b00000)
  from space 7168K, 56% used [0x00000000ea200000,0x00000000ea5fb498,0x00000000ea900000)
  to   space 7168K, 0% used [0x00000000e9b00000,0x00000000e9b00000,0x00000000ea200000)
 ParOldGen       total 144896K, used 49454K [0x0000000095400000, 0x000000009e180000, 0x00000000dc700000)
  object space 144896K, 34% used [0x0000000095400000,0x000000009844bb48,0x000000009e180000)
 Metaspace       used 52469K, capacity 53729K, committed 53976K, reserved 1095680K
  class space    used 7866K, capacity 8098K, committed 8152K, reserved 1048576K
GC Heap History (10 events):
Event: 174664.407 GC heap before
{Heap before GC invocations=609 (full 3):
 PSYoungGen      total 167424K, used 165392K [0x00000000dc700000, 0x00000000e7c00000, 0x0000000100000000)
  eden space 161280K, 100% used [0x00000000dc700000,0x00000000e6480000,0x00000000e6480000)
  from space 6144K, 66% used [0x00000000e6480000,0x00000000e6884030,0x00000000e6a80000)
  to   space 6656K, 0% used [0x00000000e7580000,0x00000000e7580000,0x00000000e7c00000)
 ParOldGen       total 144896K, used 49334K [0x0000000095400000, 0x000000009e180000, 0x00000000dc700000)
  object space 144896K, 34% used [0x0000000095400000,0x000000009842db48,0x000000009e180000)
 Metaspace       used 52466K, capacity 53729K, committed 53976K, reserved 1095680K
  class space    used 7866K, capacity 8098K, committed 8152K, reserved 1048576K
Event: 174664.428 GC heap after
Heap after GC invocations=609 (full 3):
 PSYoungGen      total 178688K, used 4112K [0x00000000dc700000, 0x00000000e8080000, 0x0000000100000000)
  eden space 172032K, 0% used [0x00000000dc700000,0x00000000dc700000,0x00000000e6f00000)
  from space 6656K, 61% used [0x00000000e7580000,0x00000000e7984030,0x00000000e7c00000)
  to   space 6656K, 0% used [0x00000000e6f00000,0x00000000e6f00000,0x00000000e7580000)
 ParOldGen       total 144896K, used 49358K [0x0000000095400000, 0x000000009e180000, 0x00000000dc700000)
  object space 144896K, 34% used [0x0000000095400000,0x0000000098433b48,0x000000009e180000)
 Metaspace       used 52466K, capacity 53729K, committed 53976K, reserved 1095680K
  class space    used 7866K, capacity 8098K, committed 8152K, reserved 1048576K
}
Event: 174664.761 GC heap before
{Heap before GC invocations=610 (full 3):
 PSYoungGen      total 178688K, used 176144K [0x00000000dc700000, 0x00000000e8080000, 0x0000000100000000)
  eden space 172032K, 100% used [0x00000000dc700000,0x00000000e6f00000,0x00000000e6f00000)
  from space 6656K, 61% used [0x00000000e7580000,0x00000000e7984030,0x00000000e7c00000)
  to   space 6656K, 0% used [0x00000000e6f00000,0x00000000e6f00000,0x00000000e7580000)
 ParOldGen       total 144896K, used 49358K [0x0000000095400000, 0x000000009e180000, 0x00000000dc700000)
  object space 144896K, 34% used [0x0000000095400000,0x0000000098433b48,0x000000009e180000)
 Metaspace       used 52466K, capacity 53729K, committed 53976K, reserved 1095680K
  class space    used 7866K, capacity 8098K, committed 8152K, reserved 1048576K
Event: 174664.794 GC heap after
Heap after GC invocations=610 (full 3):
 PSYoungGen      total 178688K, used 4144K [0x00000000dc700000, 0x00000000e9100000, 0x0000000100000000)
  eden space 172032K, 0% used [0x00000000dc700000,0x00000000dc700000,0x00000000e6f00000)
  from space 6656K, 62% used [0x00000000e6f00000,0x00000000e730c030,0x00000000e7580000)
  to   space 7168K, 0% used [0x00000000e8a00000,0x00000000e8a00000,0x00000000e9100000)
 ParOldGen       total 144896K, used 49366K [0x0000000095400000, 0x000000009e180000, 0x00000000dc700000)
  object space 144896K, 34% used [0x0000000095400000,0x0000000098435b48,0x000000009e180000)
 Metaspace       used 52466K, capacity 53729K, committed 53976K, reserved 1095680K
  class space    used 7866K, capacity 8098K, committed 8152K, reserved 1048576K
}
Event: 174665.066 GC heap before
{Heap before GC invocations=611 (full 3):
 PSYoungGen      total 178688K, used 176176K [0x00000000dc700000, 0x00000000e9100000, 0x0000000100000000)
  eden space 172032K, 100% used [0x00000000dc700000,0x00000000e6f00000,0x00000000e6f00000)
  from space 6656K, 62% used [0x00000000e6f00000,0x00000000e730c030,0x00000000e7580000)
  to   space 7168K, 0% used [0x00000000e8a00000,0x00000000e8a00000,0x00000000e9100000)
 ParOldGen       total 144896K, used 49366K [0x0000000095400000, 0x000000009e180000, 0x00000000dc700000)
  object space 144896K, 34% used [0x0000000095400000,0x0000000098435b48,0x000000009e180000)
 Metaspace       used 52469K, capacity 53729K, committed 53976K, reserved 1095680K
  class space    used 7866K, capacity 8098K, committed 8152K, reserved 1048576K
Event: 174665.086 GC heap after
Heap after GC invocations=611 (full 3):
 PSYoungGen      total 199680K, used 4080K [0x00000000dc700000, 0x00000000e9200000, 0x0000000100000000)
  eden space 192512K, 0% used [0x00000000dc700000,0x00000000dc700000,0x00000000e8300000)
  from space 7168K, 56% used [0x00000000e8a00000,0x00000000e8dfc030,0x00000000e9100000)
  to   space 7168K, 0% used [0x00000000e8300000,0x00000000e8300000,0x00000000e8a00000)
 ParOldGen       total 144896K, used 49398K [0x0000000095400000, 0x000000009e180000, 0x00000000dc700000)
  object space 144896K, 34% used [0x0000000095400000,0x000000009843db48,0x000000009e180000)
 Metaspace       used 52469K, capacity 53729K, committed 53976K, reserved 1095680K
  class space    used 7866K, capacity 8098K, committed 8152K, reserved 1048576K
}
Event: 174665.414 GC heap before
{Heap before GC invocations=612 (full 3):
 PSYoungGen      total 199680K, used 196592K [0x00000000dc700000, 0x00000000e9200000, 0x0000000100000000)
  eden space 192512K, 100% used [0x00000000dc700000,0x00000000e8300000,0x00000000e8300000)
  from space 7168K, 56% used [0x00000000e8a00000,0x00000000e8dfc030,0x00000000e9100000)
  to   space 7168K, 0% used [0x00000000e8300000,0x00000000e8300000,0x00000000e8a00000)
 ParOldGen       total 144896K, used 49398K [0x0000000095400000, 0x000000009e180000, 0x00000000dc700000)
  object space 144896K, 34% used [0x0000000095400000,0x000000009843db48,0x000000009e180000)
 Metaspace       used 52469K, capacity 53729K, committed 53976K, reserved 1095680K
  class space    used 7866K, capacity 8098K, committed 8152K, reserved 1048576K
Event: 174665.433 GC heap after
Heap after GC invocations=612 (full 3):
 PSYoungGen      total 199680K, used 4062K [0x00000000dc700000, 0x00000000ea900000, 0x0000000100000000)
  eden space 192512K, 0% used [0x00000000dc700000,0x00000000dc700000,0x00000000e8300000)
  from space 7168K, 56% used [0x00000000e8300000,0x00000000e86f7bd8,0x00000000e8a00000)
  to   space 7168K, 0% used [0x00000000ea200000,0x00000000ea200000,0x00000000ea900000)
 ParOldGen       total 144896K, used 49454K [0x0000000095400000, 0x000000009e180000, 0x00000000dc700000)
  object space 144896K, 34% used [0x0000000095400000,0x000000009844bb48,0x000000009e180000)
 Metaspace       used 52469K, capacity 53729K, committed 53976K, reserved 1095680K
  class space    used 7866K, capacity 8098K, committed 8152K, reserved 1048576K
}
Event: 174665.616 GC heap before
{Heap before GC invocations=613 (full 3):
 PSYoungGen      total 199680K, used 196574K [0x00000000dc700000, 0x00000000ea900000, 0x0000000100000000)
  eden space 192512K, 100% used [0x00000000dc700000,0x00000000e8300000,0x00000000e8300000)
  from space 7168K, 56% used [0x00000000e8300000,0x00000000e86f7bd8,0x00000000e8a00000)
  to   space 7168K, 0% used [0x00000000ea200000,0x00000000ea200000,0x00000000ea900000)
 ParOldGen       total 144896K, used 49454K [0x0000000095400000, 0x000000009e180000, 0x00000000dc700000)
  object space 144896K, 34% used [0x0000000095400000,0x000000009844bb48,0x000000009e180000)
 Metaspace       used 52469K, capacity 53729K, committed 53976K, reserved 1095680K
  class space    used 7866K, capacity 8098K, committed 8152K, reserved 1048576K
Event: 174665.628 GC heap after
Heap after GC invocations=613 (full 3):
 PSYoungGen      total 224256K, used 4077K [0x00000000dc700000, 0x00000000ea980000, 0x0000000100000000)
  eden space 217088K, 0% used [0x00000000dc700000,0x00000000dc700000,0x00000000e9b00000)
  from space 7168K, 56% used [0x00000000ea200000,0x00000000ea5fb498,0x00000000ea900000)
  to   space 7168K, 0% used [0x00000000e9b00000,0x00000000e9b00000,0x00000000ea200000)
 ParOldGen       total 144896K, used 49454K [0x0000000095400000, 0x000000009e180000, 0x00000000dc700000)
  object space 144896K, 34% used [0x0000000095400000,0x000000009844bb48,0x000000009e180000)
 Metaspace       used 52469K, capacity 53729K, committed 53976K, reserved 1095680K
  class space    used 7866K, capacity 8098K, committed 8152K, reserved 1048576K
}

