# JRE version: OpenJDK Runtime Environment (8.0_292-b10) (build 1.8.0_292-b10)
# Java VM: OpenJDK 64-Bit Server VM (25.292-b10 mixed mode linux-amd64 compressed oops)
Heap:
 PSYoungGen      total 348672K, used 248985K [0x00000000dc700000, 0x00000000fed00000, 0x0000000100000000)
  eden space 348160K, 71% used [0x00000000dc700000,0x00000000eba1e608,0x00000000f1b00000)
  from space 512K, 6% used [0x00000000fec80000,0x00000000fec88000,0x00000000fed00000)
  to   space 2560K, 0% used [0x00000000fe800000,0x00000000fe800000,0x00000000fea80000)
 ParOldGen       total 134144K, used 123436K [0x0000000095400000, 0x000000009d700000, 0x00000000dc700000)
  object space 134144K, 92% used [0x0000000095400000,0x000000009cc8b298,0x000000009d700000)
 Metaspace       used 50678K, capacity 52097K, committed 52312K, reserved 1093632K
  class space    used 7663K, capacity 7932K, committed 8024K, reserved 1048576K
GC Heap History (10 events):
Event: 77975.470 GC heap before
{Heap before GC invocations=1146 (full 2):
 PSYoungGen      total 391168K, used 390688K [0x00000000dc700000, 0x00000000ff380000, 0x0000000100000000)
  eden space 390656K, 100% used [0x00000000dc700000,0x00000000f4480000,0x00000000f4480000)
  from space 512K, 6% used [0x00000000fef00000,0x00000000fef08000,0x00000000fef80000)
  to   space 2560K, 0% used [0x00000000ff100000,0x00000000ff100000,0x00000000ff380000)
 ParOldGen       total 134144K, used 123428K [0x0000000095400000, 0x000000009d700000, 0x00000000dc700000)
  object space 134144K, 92% used [0x0000000095400000,0x000000009cc89298,0x000000009d700000)
 Metaspace       used 50273K, capacity 51745K, committed 52056K, reserved 1093632K
  class space    used 7634K, capacity 7900K, committed 8024K, reserved 1048576K
Event: 77975.475 GC heap after
Heap after GC invocations=1146 (full 2):
 PSYoungGen      total 374272K, used 32K [0x00000000dc700000, 0x00000000ff180000, 0x0000000100000000)
  eden space 373760K, 0% used [0x00000000dc700000,0x00000000dc700000,0x00000000f3400000)
  from space 512K, 6% used [0x00000000ff100000,0x00000000ff108000,0x00000000ff180000)
  to   space 3072K, 0% used [0x00000000feb80000,0x00000000feb80000,0x00000000fee80000)
 ParOldGen       total 134144K, used 123436K [0x0000000095400000, 0x000000009d700000, 0x00000000dc700000)
  object space 134144K, 92% used [0x0000000095400000,0x000000009cc8b298,0x000000009d700000)
 Metaspace       used 50273K, capacity 51745K, committed 52056K, reserved 1093632K
  class space    used 7634K, capacity 7900K, committed 8024K, reserved 1048576K
}
Event: 77975.942 GC heap before
{Heap before GC invocations=1147 (full 2):
 PSYoungGen      total 374272K, used 373792K [0x00000000dc700000, 0x00000000ff180000, 0x0000000100000000)
  eden space 373760K, 100% used [0x00000000dc700000,0x00000000f3400000,0x00000000f3400000)
  from space 512K, 6% used [0x00000000ff100000,0x00000000ff108000,0x00000000ff180000)
  to   space 3072K, 0% used [0x00000000feb80000,0x00000000feb80000,0x00000000fee80000)
 ParOldGen       total 134144K, used 123436K [0x0000000095400000, 0x000000009d700000, 0x00000000dc700000)
  object space 134144K, 92% used [0x0000000095400000,0x000000009cc8b298,0x000000009d700000)
 Metaspace       used 50273K, capacity 51745K, committed 52056K, reserved 1093632K
  class space    used 7634K, capacity 7900K, committed 8024K, reserved 1048576K
Event: 77975.946 GC heap after
Heap after GC invocations=1147 (full 2):
 PSYoungGen      total 360960K, used 87K [0x00000000dc700000, 0x00000000ff180000, 0x0000000100000000)
  eden space 357888K, 0% used [0x00000000dc700000,0x00000000dc700000,0x00000000f2480000)
  from space 3072K, 2% used [0x00000000feb80000,0x00000000feb95dd8,0x00000000fee80000)
  to   space 3072K, 0% used [0x00000000fee80000,0x00000000fee80000,0x00000000ff180000)
 ParOldGen       total 134144K, used 123436K [0x0000000095400000, 0x000000009d700000, 0x00000000dc700000)
  object space 134144K, 92% used [0x0000000095400000,0x000000009cc8b298,0x000000009d700000)
 Metaspace       used 50273K, capacity 51745K, committed 52056K, reserved 1093632K
  class space    used 7634K, capacity 7900K, committed 8024K, reserved 1048576K
}
Event: 77976.358 GC heap before
{Heap before GC invocations=1148 (full 2):
 PSYoungGen      total 360960K, used 357975K [0x00000000dc700000, 0x00000000ff180000, 0x0000000100000000)
  eden space 357888K, 100% used [0x00000000dc700000,0x00000000f2480000,0x00000000f2480000)
  from space 3072K, 2% used [0x00000000feb80000,0x00000000feb95dd8,0x00000000fee80000)
  to   space 3072K, 0% used [0x00000000fee80000,0x00000000fee80000,0x00000000ff180000)
 ParOldGen       total 134144K, used 123436K [0x0000000095400000, 0x000000009d700000, 0x00000000dc700000)
  object space 134144K, 92% used [0x0000000095400000,0x000000009cc8b298,0x000000009d700000)
 Metaspace       used 50273K, capacity 51745K, committed 52056K, reserved 1093632K
  class space    used 7634K, capacity 7900K, committed 8024K, reserved 1048576K
Event: 77976.364 GC heap after
Heap after GC invocations=1148 (full 2):
 PSYoungGen      total 380416K, used 87K [0x00000000dc700000, 0x00000000fef00000, 0x0000000100000000)
  eden space 379904K, 0% used [0x00000000dc700000,0x00000000dc700000,0x00000000f3a00000)
  from space 512K, 17% used [0x00000000fee80000,0x00000000fee95dd8,0x00000000fef00000)
  to   space 2560K, 0% used [0x00000000fea00000,0x00000000fea00000,0x00000000fec80000)
 ParOldGen       total 134144K, used 123436K [0x0000000095400000, 0x000000009d700000, 0x00000000dc700000)
  object space 134144K, 92% used [0x0000000095400000,0x000000009cc8b298,0x000000009d700000)
 Metaspace       used 50273K, capacity 51745K, committed 52056K, reserved 1093632K
  class space    used 7634K, capacity 7900K, committed 8024K, reserved 1048576K
}
Event: 77978.565 GC heap before
{Heap before GC invocations=1149 (full 2):
 PSYoungGen      total 380416K, used 379991K [0x00000000dc700000, 0x00000000fef00000, 0x0000000100000000)
  eden space 379904K, 100% used [0x00000000dc700000,0x00000000f3a00000,0x00000000f3a00000)
  from space 512K, 17% used [0x00000000fee80000,0x00000000fee95dd8,0x00000000fef00000)
  to   space 2560K, 0% used [0x00000000fea00000,0x00000000fea00000,0x00000000fec80000)
 ParOldGen       total 134144K, used 123436K [0x0000000095400000, 0x000000009d700000, 0x00000000dc700000)
  object space 134144K, 92% used [0x0000000095400000,0x000000009cc8b298,0x000000009d700000)
 Metaspace       used 50275K, capacity 51745K, committed 52056K, reserved 1093632K
  class space    used 7634K, capacity 7900K, committed 8024K, reserved 1048576K
Event: 77978.570 GC heap after
Heap after GC invocations=1149 (full 2):
 PSYoungGen      total 366080K, used 32K [0x00000000dc700000, 0x00000000fef00000, 0x0000000100000000)
  eden space 363520K, 0% used [0x00000000dc700000,0x00000000dc700000,0x00000000f2a00000)
  from space 2560K, 1% used [0x00000000fea00000,0x00000000fea08000,0x00000000fec80000)
  to   space 2560K, 0% used [0x00000000fec80000,0x00000000fec80000,0x00000000fef00000)
 ParOldGen       total 134144K, used 123436K [0x0000000095400000, 0x000000009d700000, 0x00000000dc700000)
  object space 134144K, 92% used [0x0000000095400000,0x000000009cc8b298,0x000000009d700000)
 Metaspace       used 50275K, capacity 51745K, committed 52056K, reserved 1093632K
  class space    used 7634K, capacity 7900K, committed 8024K, reserved 1048576K
}
Event: 77981.576 GC heap before
{Heap before GC invocations=1150 (full 2):
 PSYoungGen      total 366080K, used 363552K [0x00000000dc700000, 0x00000000fef00000, 0x0000000100000000)
  eden space 363520K, 100% used [0x00000000dc700000,0x00000000f2a00000,0x00000000f2a00000)
  from space 2560K, 1% used [0x00000000fea00000,0x00000000fea08000,0x00000000fec80000)
  to   space 2560K, 0% used [0x00000000fec80000,0x00000000fec80000,0x00000000fef00000)
 ParOldGen       total 134144K, used 123436K [0x0000000095400000, 0x000000009d700000, 0x00000000dc700000)
  object space 134144K, 92% used [0x0000000095400000,0x000000009cc8b298,0x000000009d700000)
 Metaspace       used 50275K, capacity 51745K, committed 52056K, reserved 1093632K
  class space    used 7634K, capacity 7900K, committed 8024K, reserved 1048576K
Event: 77981.581 GC heap after
Heap after GC invocations=1150 (full 2):
 PSYoungGen      total 348672K, used 32K [0x00000000dc700000, 0x00000000fed00000, 0x0000000100000000)
  eden space 348160K, 0% used [0x00000000dc700000,0x00000000dc700000,0x00000000f1b00000)
  from space 512K, 6% used [0x00000000fec80000,0x00000000fec88000,0x00000000fed00000)
  to   space 2560K, 0% used [0x00000000fe800000,0x00000000fe800000,0x00000000fea80000)
 ParOldGen       total 134144K, used 123436K [0x0000000095400000, 0x000000009d700000, 0x00000000dc700000)
  object space 134144K, 92% used [0x0000000095400000,0x000000009cc8b298,0x000000009d700000)
 Metaspace       used 50275K, capacity 51745K, committed 52056K, reserved 1093632K
  class space    used 7634K, capacity 7900K, committed 8024K, reserved 1048576K
}

